[15/Jan/2018 12:43:11] "GET / HTTP/1.1" 200 28749
[15/Jan/2018 12:43:11] "GET /static/css/style.css HTTP/1.1" 304 0
[15/Jan/2018 12:43:11] "GET /static/website/css/home.css HTTP/1.1" 304 0
[15/Jan/2018 12:43:12] "GET /static/website/css/lesshat HTTP/1.1" 404 1673
[15/Jan/2018 12:43:15] "GET /account/dashboard HTTP/1.1" 302 0
[15/Jan/2018 12:43:16] "GET /account/login?next=/account/dashboard HTTP/1.1" 200 6736
[15/Jan/2018 12:43:26] "POST /account/login?next=/account/dashboard HTTP/1.1" 302 0
[15/Jan/2018 12:43:27] "GET /account/dashboard HTTP/1.1" 200 14610
[15/Jan/2018 12:43:27] "GET /static/dist/img/user2-160x160.jpg HTTP/1.1" 200 1921
[15/Jan/2018 12:43:32] "GET /account/api_dashboard HTTP/1.1" 200 11851
[15/Jan/2018 12:43:35] "GET /account/file_uploader HTTP/1.1" 200 31966
[15/Jan/2018 12:43:36] "GET /static/drag_drop/dropzone.js HTTP/1.1" 200 120533
[15/Jan/2018 18:03:31] "GET / HTTP/1.1" 200 28749
[15/Jan/2018 18:03:31] "GET /static/css/animate.css HTTP/1.1" 200 71552
[15/Jan/2018 18:03:31] "GET /static/css/icomoon.css HTTP/1.1" 200 41388
[15/Jan/2018 18:03:31] "GET /static/css/flexslider.css HTTP/1.1" 200 6864
[15/Jan/2018 18:03:31] "GET /static/css/owl.carousel.min.css HTTP/1.1" 200 3630
[15/Jan/2018 18:03:31] "GET /static/css/owl.theme.default.min.css HTTP/1.1" 200 2315
[15/Jan/2018 18:03:31] "GET /static/css/bootstrap.css HTTP/1.1" 200 134656
[15/Jan/2018 18:03:31] "GET /static/css/style.css HTTP/1.1" 200 25384
[15/Jan/2018 18:03:31] "GET /static/js/modernizr-2.6.2.min.js HTTP/1.1" 200 15413
[15/Jan/2018 18:03:31] "GET /static/js/jquery.easing.1.3.js HTTP/1.1" 200 8111
[15/Jan/2018 18:03:31] "GET /static/js/bootstrap.min.js HTTP/1.1" 200 36816
[15/Jan/2018 18:03:31] "GET /static/js/jquery.min.js HTTP/1.1" 200 84380
[15/Jan/2018 18:03:31] "GET /static/js/jquery.waypoints.min.js HTTP/1.1" 200 8835
[15/Jan/2018 18:03:31] "GET /static/js/owl.carousel.min.js HTTP/1.1" 200 40401
[15/Jan/2018 18:03:31] "GET /static/js/jquery.flexslider-min.js HTTP/1.1" 200 22342
[15/Jan/2018 18:03:31] "GET /static/js/main.js HTTP/1.1" 200 5578
[15/Jan/2018 18:03:32] "GET /static/website/css/home.css HTTP/1.1" 200 1412
[15/Jan/2018 18:03:32] "GET /static/website/js/home.js HTTP/1.1" 200 2820
[15/Jan/2018 18:03:32] "GET /static/website/images/designers.svg HTTP/1.1" 200 4954
[15/Jan/2018 18:03:32] "GET /static/images/pictureoptimizer_logo.jpg HTTP/1.1" 200 7397
[15/Jan/2018 18:03:32] "GET /static/images/favicon.ico HTTP/1.1" 200 1150
[15/Jan/2018 18:03:32] "GET /static/website/css/lesshat HTTP/1.1" 404 1673
[15/Jan/2018 18:03:32] "GET /static/website/images/developers.svg HTTP/1.1" 200 4074
[15/Jan/2018 18:03:32] "GET /static/website/images/plugins.svg HTTP/1.1" 200 3333
[15/Jan/2018 18:03:32] "GET /static/website/images/quality@2x.png HTTP/1.1" 200 15587
[15/Jan/2018 18:03:32] "GET /static/website/imagetests/optimized/Ch_4/ch4_bluewater1.jpg HTTP/1.1" 200 415651
[15/Jan/2018 18:03:32] "GET /static/fonts/icomoon/icomoon.ttf?srf3rx HTTP/1.1" 200 228440
[15/Jan/2018 18:03:32] "GET /static/website/images/servers@2x.png HTTP/1.1" 200 11685
[15/Jan/2018 18:03:32] "GET /static/website/images/speed-up@2x.png HTTP/1.1" 200 13604
[15/Jan/2018 18:03:32] "GET /static/website/images/mobile@2x.png HTTP/1.1" 200 14012
[15/Jan/2018 18:03:32] "GET /static/website/images/tco@2x.png HTTP/1.1" 200 13046
[15/Jan/2018 18:03:33] "GET /static/website/images/seo@2x.png HTTP/1.1" 200 13765
[15/Jan/2018 18:03:33] "GET /static/website/images/cdn@2x.png HTTP/1.1" 200 13403
[15/Jan/2018 18:03:33] "GET /static/website/images/wordpress@2x.png HTTP/1.1" 200 14496
[15/Jan/2018 18:03:33] "GET /static/website/images/api.svg HTTP/1.1" 200 6163
[15/Jan/2018 18:03:33] "GET /static/website/images/cube.svg HTTP/1.1" 200 1735
[15/Jan/2018 18:03:33] "GET /static/website/images/machines.svg HTTP/1.1" 200 6744
[15/Jan/2018 18:03:33] "GET /static/website/images/first-class.svg HTTP/1.1" 200 2326
[15/Jan/2018 18:03:33] "GET /static/website/images/storage.svg HTTP/1.1" 200 2860
[15/Jan/2018 18:03:33] "GET /static/website/imagetests/unoptimized/Ch_4/ch4_bluewater1.jpg HTTP/1.1" 200 1210895
[15/Jan/2018 18:03:33] "GET /static/website/images/lossy.svg HTTP/1.1" 200 2406
[15/Jan/2018 18:03:33] "GET /static/website/images/image-resizing.svg HTTP/1.1" 200 1021
[15/Jan/2018 18:03:33] "GET /static/website/images/web-interface.svg HTTP/1.1" 200 2352
[15/Jan/2018 18:03:33] "GET /static/website/images/support.svg HTTP/1.1" 200 3526
[15/Jan/2018 18:03:33] "GET /static/images/loader.gif HTTP/1.1" 200 9427
[15/Jan/2018 18:03:33] "GET /static/images/slide_1.jpg HTTP/1.1" 200 12714
[15/Jan/2018 18:03:33] "GET /static/images/slide_2.jpg HTTP/1.1" 200 54492
[15/Jan/2018 18:03:35] "GET /plugins HTTP/1.1" 200 15104
[15/Jan/2018 18:03:35] "GET /static/website/css/home.css HTTP/1.1" 304 0
[15/Jan/2018 18:03:36] "GET /static/website/css/lesshat HTTP/1.1" 404 1673
[15/Jan/2018 18:03:42] "GET /account/dashboard HTTP/1.1" 302 0
[15/Jan/2018 18:03:42] "GET /account/login?next=/account/dashboard HTTP/1.1" 200 6736
[15/Jan/2018 18:03:43] "GET /static/bower_components/font-awesome/css/font-awesome.min.css HTTP/1.1" 200 31000
[15/Jan/2018 18:03:43] "GET /static/bower_components/Ionicons/css/ionicons.min.css HTTP/1.1" 200 51284
[15/Jan/2018 18:03:43] "GET /static/dist/css/skins/_all-skins.min.css HTTP/1.1" 200 41583
[15/Jan/2018 18:03:43] "GET /static/bower_components/bootstrap/dist/css/bootstrap.min.css HTTP/1.1" 200 121200
[15/Jan/2018 18:03:43] "GET /static/dist/css/AdminLTE.min.css HTTP/1.1" 200 91501
[15/Jan/2018 18:03:43] "GET /static/bower_components/jquery/dist/jquery.min.js HTTP/1.1" 200 86659
[15/Jan/2018 18:03:43] "GET /static/bower_components/bootstrap/dist/js/bootstrap.min.js HTTP/1.1" 200 37045
[15/Jan/2018 18:03:43] "GET /static/bower_components/jquery-slimscroll/jquery.slimscroll.min.js HTTP/1.1" 200 4724
[15/Jan/2018 18:03:43] "GET /static/bower_components/fastclick/lib/fastclick.js HTTP/1.1" 200 25965
[15/Jan/2018 18:03:43] "GET /static/dist/js/adminlte.min.js HTTP/1.1" 200 14475
[15/Jan/2018 18:03:43] "GET /static/plugins/iCheck/all.css HTTP/1.1" 200 1568
[15/Jan/2018 18:03:43] "GET /static/plugins/iCheck/icheck.min.js HTTP/1.1" 200 4516
[15/Jan/2018 18:03:43] "GET /static/bower_components/select2/dist/js/select2.full.min.js HTTP/1.1" 200 75005
[15/Jan/2018 18:03:43] "GET /static/bower_components/select2/dist/css/select2.min.css HTTP/1.1" 200 15196
[15/Jan/2018 18:03:43] "GET /static/bower_components/datatables.net-bs/js/dataTables.bootstrap.min.js HTTP/1.1" 200 1966
[15/Jan/2018 18:03:43] "GET /static/bower_components/jquery-knob/js/jquery.knob.js HTTP/1.1" 200 26225
[15/Jan/2018 18:03:43] "GET /static/bower_components/bootstrap-daterangepicker/daterangepicker.css HTTP/1.1" 200 8163
[15/Jan/2018 18:03:43] "GET /static/bower_components/datatables.net/js/jquery.dataTables.min.js HTTP/1.1" 200 83268
[15/Jan/2018 18:03:44] "GET /static/bower_components/bootstrap-daterangepicker/daterangepicker.js HTTP/1.1" 200 69588
[15/Jan/2018 18:03:44] "GET /static/plugins/iCheck/minimal/_all.css HTTP/1.1" 200 14176
[15/Jan/2018 18:03:44] "GET /static/plugins/iCheck/flat/_all.css HTTP/1.1" 200 13773
[15/Jan/2018 18:03:44] "GET /static/plugins/iCheck/square/_all.css HTTP/1.1" 200 15591
[15/Jan/2018 18:03:44] "GET /static/bower_components/moment/moment.js HTTP/1.1" 200 128945
[15/Jan/2018 18:03:44] "GET /static/plugins/iCheck/line/_all.css HTTP/1.1" 200 21689
[15/Jan/2018 18:03:44] "GET /static/plugins/iCheck/polaris/polaris.css HTTP/1.1" 200 1557
[15/Jan/2018 18:03:44] "GET /static/plugins/iCheck/futurico/futurico.css HTTP/1.1" 200 1421
[15/Jan/2018 18:03:44] "GET /static/bower_components/bootstrap/dist/fonts/glyphicons-halflings-regular.woff2 HTTP/1.1" 200 18028
[15/Jan/2018 18:03:44] "GET /static/bower_components/font-awesome/fonts/fontawesome-webfont.woff2?v=4.7.0 HTTP/1.1" 200 77160
[15/Jan/2018 18:03:44] "GET /static/plugins/iCheck/square/blue.png HTTP/1.1" 200 2185
[15/Jan/2018 18:03:50] "POST /account/login?next=/account/dashboard HTTP/1.1" 200 7048
[15/Jan/2018 18:03:53] "GET /account/registration HTTP/1.1" 200 6731
Not Found: /favicon.ico
[15/Jan/2018 18:03:53] "GET /favicon.ico HTTP/1.1" 404 3889
[15/Jan/2018 18:04:32] "POST /account/registration HTTP/1.1" 302 0
[15/Jan/2018 18:04:32] "GET /account/dashboard HTTP/1.1" 200 14581
[15/Jan/2018 18:04:33] "GET /static/dist/img/user2-160x160.jpg HTTP/1.1" 200 1921
[15/Jan/2018 18:05:57] "GET /account/api_dashboard HTTP/1.1" 200 11822
[15/Jan/2018 18:05:57] "GET /account/api_dashboard HTTP/1.1" 200 11822
[15/Jan/2018 18:05:58] "GET /account/api_dashboard HTTP/1.1" 200 11822
[15/Jan/2018 18:06:30] "GET /account/file_uploader HTTP/1.1" 200 31953
[15/Jan/2018 18:06:33] "GET /account/file_uploader HTTP/1.1" 200 31953
[15/Jan/2018 18:06:33] "GET /account/file_uploader HTTP/1.1" 200 31953
[15/Jan/2018 18:06:33] "GET /account/file_uploader HTTP/1.1" 200 31953
[15/Jan/2018 18:06:33] "GET /account/file_uploader HTTP/1.1" 200 31953
[15/Jan/2018 18:06:33] "GET /account/file_uploader HTTP/1.1" 200 31953
[15/Jan/2018 18:06:33] "GET /account/file_uploader HTTP/1.1" 200 31953
[15/Jan/2018 18:06:33] "GET /account/file_uploader HTTP/1.1" 200 31953
[15/Jan/2018 18:06:33] "GET /account/file_uploader HTTP/1.1" 200 31953
[15/Jan/2018 18:06:33] "GET /account/file_uploader HTTP/1.1" 200 31953
[15/Jan/2018 18:06:33] "GET /account/file_uploader HTTP/1.1" 200 31953
[15/Jan/2018 18:06:33] "GET /account/file_uploader HTTP/1.1" 200 31953
[15/Jan/2018 18:06:33] "GET /account/file_uploader HTTP/1.1" 200 31953
[15/Jan/2018 18:06:33] "GET /account/file_uploader HTTP/1.1" 200 31953
[15/Jan/2018 18:06:33] "GET /account/file_uploader HTTP/1.1" 200 31953
[15/Jan/2018 18:06:33] "GET /account/file_uploader HTTP/1.1" 200 31953
[15/Jan/2018 18:06:34] "GET /account/file_uploader HTTP/1.1" 200 31953
[15/Jan/2018 18:06:34] "GET /account/file_uploader HTTP/1.1" 200 31953
[15/Jan/2018 18:06:34] "GET /account/file_uploader HTTP/1.1" 200 31953
[15/Jan/2018 18:06:34] "GET /account/file_uploader HTTP/1.1" 200 31953
[15/Jan/2018 18:06:34] "GET /account/file_uploader HTTP/1.1" 200 31953
[15/Jan/2018 18:06:34] "GET /account/file_uploader HTTP/1.1" 200 31953
[15/Jan/2018 18:06:36] "GET /account/file_uploader HTTP/1.1" 200 31953
[15/Jan/2018 18:06:39] "GET /account/file_uploader HTTP/1.1" 200 31953
[15/Jan/2018 18:06:40] "GET /account/file_uploader HTTP/1.1" 200 31953
[15/Jan/2018 18:06:40] "GET /account/file_uploader HTTP/1.1" 200 31953
[15/Jan/2018 18:06:42] "GET /account/file_uploader HTTP/1.1" 200 31953
[15/Jan/2018 18:06:42] "GET /account/file_uploader HTTP/1.1" 200 31953
[15/Jan/2018 18:06:42] "GET /account/file_uploader HTTP/1.1" 200 31953
[15/Jan/2018 18:06:42] "GET /account/file_uploader HTTP/1.1" 200 31953
[15/Jan/2018 18:06:42] "GET /account/file_uploader HTTP/1.1" 200 31953
[15/Jan/2018 18:06:42] "GET /account/file_uploader HTTP/1.1" 200 31953
[15/Jan/2018 18:06:42] "GET /account/file_uploader HTTP/1.1" 200 31953
[15/Jan/2018 18:06:42] "GET /account/file_uploader HTTP/1.1" 200 31953
[15/Jan/2018 18:06:42] "GET /account/file_uploader HTTP/1.1" 200 31953
[15/Jan/2018 18:06:42] "GET /account/file_uploader HTTP/1.1" 200 31953
[15/Jan/2018 18:06:42] "GET /account/file_uploader HTTP/1.1" 200 31953
[15/Jan/2018 18:06:42] "GET /account/file_uploader HTTP/1.1" 200 31953
[15/Jan/2018 18:06:42] "GET /account/file_uploader HTTP/1.1" 200 31953
[15/Jan/2018 18:06:43] "GET /account/file_uploader HTTP/1.1" 200 31953
[15/Jan/2018 18:06:43] "GET /account/file_uploader HTTP/1.1" 200 31953
[15/Jan/2018 18:06:43] "GET /account/file_uploader HTTP/1.1" 200 31953
[15/Jan/2018 18:06:43] "GET /account/file_uploader HTTP/1.1" 200 31953
[15/Jan/2018 18:06:43] "GET /account/file_uploader HTTP/1.1" 200 31953
[15/Jan/2018 18:06:43] "GET /account/file_uploader HTTP/1.1" 200 31953
[15/Jan/2018 18:06:43] "GET /account/file_uploader HTTP/1.1" 200 31953
[15/Jan/2018 18:06:43] "GET /account/file_uploader HTTP/1.1" 200 31953
[15/Jan/2018 18:06:43] "GET /account/file_uploader HTTP/1.1" 200 31953
[15/Jan/2018 18:06:43] "GET /account/file_uploader HTTP/1.1" 200 31953
[15/Jan/2018 18:06:43] "GET /account/file_uploader HTTP/1.1" 200 31953
[15/Jan/2018 18:06:43] "GET /account/file_uploader HTTP/1.1" 200 31953
[15/Jan/2018 18:06:43] "GET /account/file_uploader HTTP/1.1" 200 31953
[15/Jan/2018 18:06:43] "GET /account/file_uploader HTTP/1.1" 200 31953
[15/Jan/2018 18:06:43] "GET /account/file_uploader HTTP/1.1" 200 31953
[15/Jan/2018 18:06:43] "GET /account/file_uploader HTTP/1.1" 200 31953
[15/Jan/2018 18:06:43] "GET /account/file_uploader HTTP/1.1" 200 31953
[15/Jan/2018 18:06:43] "GET /account/file_uploader HTTP/1.1" 200 31953
[15/Jan/2018 18:06:43] "GET /account/file_uploader HTTP/1.1" 200 31953
[15/Jan/2018 18:06:43] "GET /account/file_uploader HTTP/1.1" 200 31953
[15/Jan/2018 18:06:43] "GET /account/file_uploader HTTP/1.1" 200 31953
[15/Jan/2018 18:06:43] "GET /account/file_uploader HTTP/1.1" 200 31953
[15/Jan/2018 18:06:43] "GET /account/file_uploader HTTP/1.1" 200 31953
[15/Jan/2018 18:06:43] "GET /account/file_uploader HTTP/1.1" 200 31953
[15/Jan/2018 18:06:43] "GET /account/file_uploader HTTP/1.1" 200 31953
[15/Jan/2018 18:06:43] "GET /account/file_uploader HTTP/1.1" 200 31953
[15/Jan/2018 18:06:43] "GET /account/file_uploader HTTP/1.1" 200 31953
[15/Jan/2018 18:06:43] "GET /account/file_uploader HTTP/1.1" 200 31953
[15/Jan/2018 18:06:43] "GET /account/file_uploader HTTP/1.1" 200 31953
[15/Jan/2018 18:06:43] "GET /account/file_uploader HTTP/1.1" 200 31953
[15/Jan/2018 18:06:45] "GET /account/file_uploader HTTP/1.1" 200 31953
[15/Jan/2018 18:06:45] "GET /account/file_uploader HTTP/1.1" 200 31953
[15/Jan/2018 18:06:45] "GET /account/file_uploader HTTP/1.1" 200 31953
[15/Jan/2018 18:06:45] "GET /account/file_uploader HTTP/1.1" 200 31953
[15/Jan/2018 18:06:45] "GET /account/file_uploader HTTP/1.1" 200 31953
[15/Jan/2018 18:06:45] "GET /account/file_uploader HTTP/1.1" 200 31953
[15/Jan/2018 18:06:45] "GET /account/file_uploader HTTP/1.1" 200 31953
[15/Jan/2018 18:06:45] "GET /account/file_uploader HTTP/1.1" 200 31953
[15/Jan/2018 18:06:45] "GET /account/file_uploader HTTP/1.1" 200 31953
[15/Jan/2018 18:06:45] "GET /account/file_uploader HTTP/1.1" 200 31953
[15/Jan/2018 18:06:45] "GET /account/file_uploader HTTP/1.1" 200 31953
[15/Jan/2018 18:06:45] "GET /account/file_uploader HTTP/1.1" 200 31953
[15/Jan/2018 18:06:45] "GET /account/file_uploader HTTP/1.1" 200 31953
[15/Jan/2018 18:06:46] "GET /account/file_uploader HTTP/1.1" 200 31953
[15/Jan/2018 18:06:47] "GET /account/file_uploader HTTP/1.1" 200 31953
[15/Jan/2018 18:06:47] "GET /account/file_uploader HTTP/1.1" 200 31953
[15/Jan/2018 18:06:47] "GET /account/file_uploader HTTP/1.1" 200 31953
[15/Jan/2018 18:06:47] "GET /account/file_uploader HTTP/1.1" 200 31953
[15/Jan/2018 18:06:47] "GET /account/file_uploader HTTP/1.1" 200 31953
[15/Jan/2018 18:06:47] "GET /account/file_uploader HTTP/1.1" 200 31953
[15/Jan/2018 18:06:47] "GET /account/file_uploader HTTP/1.1" 200 31953
[15/Jan/2018 18:06:47] "GET /account/file_uploader HTTP/1.1" 200 31953
[15/Jan/2018 18:06:47] "GET /account/file_uploader HTTP/1.1" 200 31953
[15/Jan/2018 18:06:47] "GET /account/file_uploader HTTP/1.1" 200 31953
[15/Jan/2018 18:06:47] "GET /account/file_uploader HTTP/1.1" 200 31953
[15/Jan/2018 18:06:47] "GET /account/file_uploader HTTP/1.1" 200 31953
[15/Jan/2018 18:06:48] "GET /account/file_uploader HTTP/1.1" 200 31953
[15/Jan/2018 18:06:48] "GET /account/file_uploader HTTP/1.1" 200 31953
[15/Jan/2018 18:06:48] "GET /account/file_uploader HTTP/1.1" 200 31953
[15/Jan/2018 18:06:48] "GET /account/file_uploader HTTP/1.1" 200 31953
[15/Jan/2018 18:06:48] "GET /account/file_uploader HTTP/1.1" 200 31953
[15/Jan/2018 18:06:48] "GET /account/file_uploader HTTP/1.1" 200 31953
[15/Jan/2018 18:06:48] "GET /account/file_uploader HTTP/1.1" 200 31953
[15/Jan/2018 18:06:48] "GET /account/file_uploader HTTP/1.1" 200 31953
[15/Jan/2018 18:06:48] "GET /account/file_uploader HTTP/1.1" 200 31953
[15/Jan/2018 18:06:49] "GET /account/file_uploader HTTP/1.1" 200 31953
[15/Jan/2018 18:06:49] "GET /account/file_uploader HTTP/1.1" 200 31953
[15/Jan/2018 18:06:49] "GET /account/delivered_webhooks HTTP/1.1" 200 12205
[15/Jan/2018 18:06:49] "GET /account/delivered_webhooks HTTP/1.1" 200 12205
[15/Jan/2018 18:06:49] "GET /account/delivered_webhooks HTTP/1.1" 200 12205
[15/Jan/2018 18:06:49] "GET /account/delivered_webhooks HTTP/1.1" 200 12205
[15/Jan/2018 18:06:49] "GET /account/delivered_webhooks HTTP/1.1" 200 12205
[15/Jan/2018 18:06:50] "GET /account/delivered_webhooks HTTP/1.1" 200 12205
[15/Jan/2018 18:06:50] "GET /account/delivered_webhooks HTTP/1.1" 200 12205
[15/Jan/2018 18:06:50] "GET /account/delivered_webhooks HTTP/1.1" 200 12205
[15/Jan/2018 18:06:50] "GET /account/delivered_webhooks HTTP/1.1" 200 12205
[15/Jan/2018 18:06:50] "GET /account/delivered_webhooks HTTP/1.1" 200 12205
[15/Jan/2018 18:06:50] "GET /account/delivered_webhooks HTTP/1.1" 200 12205
[15/Jan/2018 18:06:50] "GET /account/delivered_webhooks HTTP/1.1" 200 12205
[15/Jan/2018 18:06:50] "GET /account/delivered_webhooks HTTP/1.1" 200 12205
[15/Jan/2018 18:06:50] "GET /account/delivered_webhooks HTTP/1.1" 200 12205
[15/Jan/2018 18:06:50] "GET /account/delivered_webhooks HTTP/1.1" 200 12205
[15/Jan/2018 18:06:50] "GET /account/delivered_webhooks HTTP/1.1" 200 12205
[15/Jan/2018 18:06:50] "GET /account/delivered_webhooks HTTP/1.1" 200 12205
[15/Jan/2018 18:06:50] "GET /account/delivered_webhooks HTTP/1.1" 200 12205
[15/Jan/2018 18:06:50] "GET /account/delivered_webhooks HTTP/1.1" 200 12205
[15/Jan/2018 18:06:50] "GET /account/delivered_webhooks HTTP/1.1" 200 12205
[15/Jan/2018 18:06:50] "GET /account/delivered_webhooks HTTP/1.1" 200 12205
[15/Jan/2018 18:06:50] "GET /account/delivered_webhooks HTTP/1.1" 200 12205
[15/Jan/2018 18:06:50] "GET /account/delivered_webhooks HTTP/1.1" 200 12205
[15/Jan/2018 18:06:50] "GET /account/delivered_webhooks HTTP/1.1" 200 12205
[15/Jan/2018 18:06:52] "GET /account/delivered_webhooks HTTP/1.1" 200 12205
[15/Jan/2018 18:06:52] "GET /account/delivered_webhooks HTTP/1.1" 200 12205
[15/Jan/2018 18:06:53] "GET /account/delivered_webhooks HTTP/1.1" 200 12205
[15/Jan/2018 18:06:53] "GET /account/delivered_webhooks HTTP/1.1" 200 12205
[15/Jan/2018 18:06:53] "GET /account/delivered_webhooks HTTP/1.1" 200 12205
[15/Jan/2018 18:07:09] "GET /account/file_uploader HTTP/1.1" 200 31953
[15/Jan/2018 18:07:10] "GET /static/drag_drop/dropzone.js HTTP/1.1" 200 120533
[15/Jan/2018 18:07:12] "GET /account/plans_and_billing HTTP/1.1" 200 11878
[15/Jan/2018 18:07:15] "GET /account/delivered_webhooks HTTP/1.1" 200 12205
[15/Jan/2018 18:07:21] "GET /account/account_overview HTTP/1.1" 200 14581
[16/Jan/2018 10:25:17] code 400, message Bad request syntax ('\x00\x00\x00TZ\x00\x00\x00\x00\x00\x00\x00\x00\x01\x00\x00\x04\x010I\x00\x00\x00\x00\x80\x0b\xa8\xc0\x00\x0c)t F\x07\x00tsXrcsXYs9\x00\x00\x00\x00\x00\x00\x00\x00\x00\x00\x00\x00\x00\x00\x00\x00\x00\x00\x00\x00\x00\x00bbXcsXctst\x00\x00\x00\x00\x00\x00')
Traceback (most recent call last):
  File "/usr/lib/python2.7/logging/__init__.py", line 861, in emit
    msg = self.format(record)
  File "/usr/lib/python2.7/logging/__init__.py", line 734, in format
    return fmt.format(record)
  File "/usr/local/lib/python2.7/dist-packages/django/utils/log.py", line 192, in format
    return super(ServerFormatter, self).format(record)
  File "/usr/lib/python2.7/logging/__init__.py", line 476, in format
    raise e
UnicodeDecodeError: 'ascii' codec can't decode byte 0x80 in position 25: ordinal not in range(128)
Logged from file basehttp.py, line 124
Not Found: /http:/www.google.com/
[16/Jan/2018 16:18:31] "GET http://www.google.com/ HTTP/1.0" 404 1664
Not Found: /admin/index.htm
[16/Jan/2018 16:27:28] "GET /admin/index.htm HTTP/1.1" 404 5662
Not Found: /admin/index.htm
[16/Jan/2018 16:27:38] "GET /admin/index.htm HTTP/1.1" 404 5662
[16/Jan/2018 16:47:58] code 400, message Bad HTTP/0.9 request type ('\x03\x00\x00*%\xe0\x00\x00\x00\x00\x00Cookie:')
Traceback (most recent call last):
  File "/usr/lib/python2.7/logging/__init__.py", line 861, in emit
    msg = self.format(record)
  File "/usr/lib/python2.7/logging/__init__.py", line 734, in format
    return fmt.format(record)
  File "/usr/local/lib/python2.7/dist-packages/django/utils/log.py", line 192, in format
    return super(ServerFormatter, self).format(record)
  File "/usr/lib/python2.7/logging/__init__.py", line 476, in format
    raise e
UnicodeDecodeError: 'ascii' codec can't decode byte 0xe0 in position 6: ordinal not in range(128)
Logged from file basehttp.py, line 124
[17/Jan/2018 00:31:04] "GET / HTTP/1.1" 200 28749
Not Found: /status
[17/Jan/2018 11:11:49] "GET /status HTTP/1.1" 404 3874
Not Found: /stat
[17/Jan/2018 11:11:49] "GET /stat HTTP/1.1" 404 3868
[17/Jan/2018 11:25:09] code 400, message Bad HTTP/0.9 request type ('\x03\x00\x00*%\xe0\x00\x00\x00\x00\x00Cookie:')
Traceback (most recent call last):
  File "/usr/lib/python2.7/logging/__init__.py", line 861, in emit
    msg = self.format(record)
  File "/usr/lib/python2.7/logging/__init__.py", line 734, in format
    return fmt.format(record)
  File "/usr/local/lib/python2.7/dist-packages/django/utils/log.py", line 192, in format
    return super(ServerFormatter, self).format(record)
  File "/usr/lib/python2.7/logging/__init__.py", line 476, in format
    raise e
UnicodeDecodeError: 'ascii' codec can't decode byte 0xe0 in position 6: ordinal not in range(128)
Logged from file basehttp.py, line 124
[17/Jan/2018 11:25:28] code 400, message Bad HTTP/0.9 request type ('\x03\x00\x00*%\xe0\x00\x00\x00\x00\x00Cookie:')
Traceback (most recent call last):
  File "/usr/lib/python2.7/logging/__init__.py", line 861, in emit
    msg = self.format(record)
  File "/usr/lib/python2.7/logging/__init__.py", line 734, in format
    return fmt.format(record)
  File "/usr/local/lib/python2.7/dist-packages/django/utils/log.py", line 192, in format
    return super(ServerFormatter, self).format(record)
  File "/usr/lib/python2.7/logging/__init__.py", line 476, in format
    raise e
UnicodeDecodeError: 'ascii' codec can't decode byte 0xe0 in position 6: ordinal not in range(128)
Logged from file basehttp.py, line 124
[17/Jan/2018 20:53:56] "GET / HTTP/1.1" 200 28749
[17/Jan/2018 20:53:56] "GET /static/css/animate.css HTTP/1.1" 200 71552
[17/Jan/2018 20:53:56] "GET /static/css/icomoon.css HTTP/1.1" 200 41388
[17/Jan/2018 20:53:56] "GET /static/css/flexslider.css HTTP/1.1" 200 6864
[17/Jan/2018 20:53:56] "GET /static/css/owl.carousel.min.css HTTP/1.1" 200 3630
[17/Jan/2018 20:53:56] "GET /static/css/owl.theme.default.min.css HTTP/1.1" 200 2315
[17/Jan/2018 20:53:57] "GET /static/css/bootstrap.css HTTP/1.1" 200 134656
[17/Jan/2018 20:53:57] "GET /static/css/style.css HTTP/1.1" 200 25384
[17/Jan/2018 20:53:57] "GET /static/js/modernizr-2.6.2.min.js HTTP/1.1" 200 15413
[17/Jan/2018 20:53:57] "GET /static/js/jquery.easing.1.3.js HTTP/1.1" 200 8111
[17/Jan/2018 20:53:57] "GET /static/js/bootstrap.min.js HTTP/1.1" 200 36816
[17/Jan/2018 20:53:57] "GET /static/js/jquery.min.js HTTP/1.1" 200 84380
[17/Jan/2018 20:53:57] "GET /static/js/jquery.waypoints.min.js HTTP/1.1" 200 8835
[17/Jan/2018 20:53:57] "GET /static/js/owl.carousel.min.js HTTP/1.1" 200 40401
[17/Jan/2018 20:53:57] "GET /static/js/jquery.flexslider-min.js HTTP/1.1" 200 22342
[17/Jan/2018 20:53:57] "GET /static/js/main.js HTTP/1.1" 200 5578
[17/Jan/2018 20:53:57] "GET /static/website/js/home.js HTTP/1.1" 200 2820
[17/Jan/2018 20:53:57] "GET /static/website/css/home.css HTTP/1.1" 200 1412
[17/Jan/2018 20:53:57] "GET /static/images/pictureoptimizer_logo.jpg HTTP/1.1" 200 7397
[17/Jan/2018 20:53:57] "GET /static/website/images/designers.svg HTTP/1.1" 200 4954
[17/Jan/2018 20:53:57] "GET /static/images/favicon.ico HTTP/1.1" 200 1150
[17/Jan/2018 20:53:58] "GET /static/website/css/lesshat HTTP/1.1" 404 1681
[17/Jan/2018 20:53:58] "GET /static/fonts/icomoon/icomoon.ttf?srf3rx HTTP/1.1" 200 228440
[17/Jan/2018 20:53:58] "GET /static/website/imagetests/optimized/Ch_4/ch4_bluewater1.jpg HTTP/1.1" 200 415651
[17/Jan/2018 20:53:58] "GET /static/website/images/developers.svg HTTP/1.1" 200 4074
[17/Jan/2018 20:53:58] "GET /static/website/images/plugins.svg HTTP/1.1" 200 3333
[17/Jan/2018 20:53:58] "GET /static/website/images/quality@2x.png HTTP/1.1" 200 15587
[17/Jan/2018 20:53:58] "GET /static/website/images/servers@2x.png HTTP/1.1" 200 11685
[17/Jan/2018 20:53:58] "GET /static/website/images/speed-up@2x.png HTTP/1.1" 200 13604
[17/Jan/2018 20:53:58] "GET /static/website/images/mobile@2x.png HTTP/1.1" 200 14012
[17/Jan/2018 20:53:58] "GET /static/website/images/tco@2x.png HTTP/1.1" 200 13046
[17/Jan/2018 20:53:58] "GET /static/website/images/seo@2x.png HTTP/1.1" 200 13765
[17/Jan/2018 20:53:58] "GET /static/website/images/cdn@2x.png HTTP/1.1" 200 13403
[17/Jan/2018 20:53:58] "GET /static/website/images/wordpress@2x.png HTTP/1.1" 200 14496
[17/Jan/2018 20:53:58] "GET /static/website/images/api.svg HTTP/1.1" 200 6163
[17/Jan/2018 20:53:58] "GET /static/website/images/cube.svg HTTP/1.1" 200 1735
[17/Jan/2018 20:53:59] "GET /static/website/imagetests/unoptimized/Ch_4/ch4_bluewater1.jpg HTTP/1.1" 200 1210895
[17/Jan/2018 20:53:59] "GET /static/website/images/machines.svg HTTP/1.1" 200 6744
[17/Jan/2018 20:53:59] "GET /static/website/images/first-class.svg HTTP/1.1" 200 2326
[17/Jan/2018 20:53:59] "GET /static/website/images/storage.svg HTTP/1.1" 200 2860
[17/Jan/2018 20:53:59] "GET /static/website/images/lossy.svg HTTP/1.1" 200 2406
[17/Jan/2018 20:53:59] "GET /static/website/images/image-resizing.svg HTTP/1.1" 200 1021
[17/Jan/2018 20:53:59] "GET /static/website/images/web-interface.svg HTTP/1.1" 200 2352
[17/Jan/2018 20:53:59] "GET /static/website/images/support.svg HTTP/1.1" 200 3526
[17/Jan/2018 20:53:59] "GET /static/images/loader.gif HTTP/1.1" 200 9427
[17/Jan/2018 20:53:59] "GET /static/images/slide_2.jpg HTTP/1.1" 200 54492
[17/Jan/2018 20:53:59] "GET /static/images/slide_1.jpg HTTP/1.1" 200 12714
[17/Jan/2018 20:54:01] "GET /pricing HTTP/1.1" 200 9290
[17/Jan/2018 20:54:01] "GET /static/website/css/lesshat HTTP/1.1" 404 1681
Not Found: /favicon.ico
[17/Jan/2018 20:54:27] "GET /favicon.ico HTTP/1.1" 404 3897
Not Found: /favicon.ico
[17/Jan/2018 20:54:27] "GET /favicon.ico HTTP/1.1" 404 3897
[17/Jan/2018 21:01:24] "GET /api_doc HTTP/1.1" 200 12614
[17/Jan/2018 21:01:24] "GET /static/website/css/lesshat HTTP/1.1" 404 1681
[17/Jan/2018 21:01:42] "GET /api_doc HTTP/1.1" 200 12614
[17/Jan/2018 21:01:42] "GET /static/website/css/lesshat HTTP/1.1" 404 1681
[17/Jan/2018 21:01:44] "GET /api_doc HTTP/1.1" 200 12614
[17/Jan/2018 21:01:44] "GET /static/website/css/lesshat HTTP/1.1" 404 1681
[17/Jan/2018 21:01:47] "GET /api_doc HTTP/1.1" 200 12614
[17/Jan/2018 21:01:48] "GET /static/website/css/lesshat HTTP/1.1" 404 1681
[17/Jan/2018 21:01:49] "GET /api_doc HTTP/1.1" 200 12614
[17/Jan/2018 21:01:49] "GET /static/website/css/lesshat HTTP/1.1" 404 1681
[17/Jan/2018 21:01:50] code 400, message Bad request syntax ('\x00\x00\x00TZ\x00\x00\x00\x00\x00\x00\x00\x00\x01\x00\x00\x04\x010I\x00\x00\x00\x00\x80\x0b\xa8\xc0\x00\x0c)t F\x07\x00tsXrcsXYs9\x00\x00\x00\x00\x00\x00\x00\x00\x00\x00\x00\x00\x00\x00\x00\x00\x00\x00\x00\x00\x00\x00bbXcsXctst\x00\x00\x00\x00\x00\x00')
Traceback (most recent call last):
  File "/usr/lib/python2.7/logging/__init__.py", line 861, in emit
    msg = self.format(record)
  File "/usr/lib/python2.7/logging/__init__.py", line 734, in format
    return fmt.format(record)
  File "/usr/local/lib/python2.7/dist-packages/django/utils/log.py", line 192, in format
    return super(ServerFormatter, self).format(record)
  File "/usr/lib/python2.7/logging/__init__.py", line 476, in format
    raise e
UnicodeDecodeError: 'ascii' codec can't decode byte 0x80 in position 25: ordinal not in range(128)
Logged from file basehttp.py, line 124
[17/Jan/2018 21:01:51] "GET /api_doc HTTP/1.1" 200 12614
[17/Jan/2018 21:01:51] "GET /static/website/css/lesshat HTTP/1.1" 404 1681
[17/Jan/2018 21:01:52] "GET /api_doc HTTP/1.1" 200 12614
[17/Jan/2018 21:01:52] "GET /static/website/css/lesshat HTTP/1.1" 404 1681
[17/Jan/2018 21:01:56] "GET /account/dashboard HTTP/1.1" 302 0
[17/Jan/2018 21:01:56] "GET /account/login?next=/account/dashboard HTTP/1.1" 200 6736
[17/Jan/2018 21:01:56] "GET /static/bower_components/font-awesome/css/font-awesome.min.css HTTP/1.1" 200 31000
[17/Jan/2018 21:01:56] "GET /static/bower_components/Ionicons/css/ionicons.min.css HTTP/1.1" 200 51284
[17/Jan/2018 21:01:56] "GET /static/dist/css/skins/_all-skins.min.css HTTP/1.1" 200 41583
[17/Jan/2018 21:01:57] "GET /static/bower_components/bootstrap/dist/css/bootstrap.min.css HTTP/1.1" 200 121200
[17/Jan/2018 21:01:57] "GET /static/bower_components/bootstrap/dist/js/bootstrap.min.js HTTP/1.1" 200 37045
[17/Jan/2018 21:01:57] "GET /static/dist/css/AdminLTE.min.css HTTP/1.1" 200 91501
[17/Jan/2018 21:01:57] "GET /static/bower_components/jquery/dist/jquery.min.js HTTP/1.1" 200 86659
[17/Jan/2018 21:01:57] "GET /static/bower_components/jquery-slimscroll/jquery.slimscroll.min.js HTTP/1.1" 200 4724
[17/Jan/2018 21:01:57] "GET /static/bower_components/fastclick/lib/fastclick.js HTTP/1.1" 200 25965
[17/Jan/2018 21:01:57] "GET /static/dist/js/adminlte.min.js HTTP/1.1" 200 14475
[17/Jan/2018 21:01:57] "GET /static/plugins/iCheck/icheck.min.js HTTP/1.1" 200 4516
[17/Jan/2018 21:01:57] "GET /static/plugins/iCheck/all.css HTTP/1.1" 200 1568
[17/Jan/2018 21:01:57] "GET /static/bower_components/select2/dist/js/select2.full.min.js HTTP/1.1" 200 75005
[17/Jan/2018 21:01:57] "GET /static/bower_components/select2/dist/css/select2.min.css HTTP/1.1" 200 15196
[17/Jan/2018 21:01:57] "GET /static/bower_components/datatables.net-bs/js/dataTables.bootstrap.min.js HTTP/1.1" 200 1966
[17/Jan/2018 21:01:57] "GET /static/bower_components/jquery-knob/js/jquery.knob.js HTTP/1.1" 200 26225
[17/Jan/2018 21:01:57] "GET /static/plugins/iCheck/flat/_all.css HTTP/1.1" 200 13773
[17/Jan/2018 21:01:57] "GET /static/bower_components/datatables.net/js/jquery.dataTables.min.js HTTP/1.1" 200 83268
[17/Jan/2018 21:01:57] "GET /static/bower_components/bootstrap-daterangepicker/daterangepicker.css HTTP/1.1" 200 8163
[17/Jan/2018 21:01:57] "GET /static/bower_components/bootstrap-daterangepicker/daterangepicker.js HTTP/1.1" 200 69588
[17/Jan/2018 21:01:57] "GET /static/plugins/iCheck/minimal/_all.css HTTP/1.1" 200 14176
[17/Jan/2018 21:01:58] "GET /static/plugins/iCheck/square/_all.css HTTP/1.1" 200 15591
[17/Jan/2018 21:01:58] "GET /static/plugins/iCheck/line/_all.css HTTP/1.1" 200 21689
[17/Jan/2018 21:01:58] "GET /static/bower_components/moment/moment.js HTTP/1.1" 200 128945
[17/Jan/2018 21:01:58] "GET /static/plugins/iCheck/polaris/polaris.css HTTP/1.1" 200 1557
[17/Jan/2018 21:01:58] "GET /static/plugins/iCheck/futurico/futurico.css HTTP/1.1" 200 1421
[17/Jan/2018 21:01:58] "GET /static/bower_components/bootstrap/dist/fonts/glyphicons-halflings-regular.woff2 HTTP/1.1" 200 18028
[17/Jan/2018 21:01:58] "GET /static/bower_components/font-awesome/fonts/fontawesome-webfont.woff2?v=4.7.0 HTTP/1.1" 200 77160
[17/Jan/2018 21:01:58] "GET /static/plugins/iCheck/square/blue.png HTTP/1.1" 200 2185
[17/Jan/2018 21:02:12] "POST /account/login?next=/account/dashboard HTTP/1.1" 200 7048
[17/Jan/2018 21:02:31] "POST /account/login?next=/account/dashboard HTTP/1.1" 302 0
[17/Jan/2018 21:02:31] "GET /account/dashboard HTTP/1.1" 200 14581
[17/Jan/2018 21:02:31] "GET /static/dist/img/user2-160x160.jpg HTTP/1.1" 200 1921
[17/Jan/2018 21:03:01] "GET /account/plans_and_billing HTTP/1.1" 200 11878
[17/Jan/2018 21:03:09] "GET /account/plans_info HTTP/1.1" 200 17519
[17/Jan/2018 21:03:47] "GET /account/plans_and_billing HTTP/1.1" 200 11878
[17/Jan/2018 21:03:49] "GET /account/billing/payment HTTP/1.1" 200 17431
[17/Jan/2018 21:05:26] "GET /account/plans_and_billing HTTP/1.1" 200 11878
[17/Jan/2018 22:37:44] "GET /account/plans_info HTTP/1.1" 200 17519
[17/Jan/2018 22:38:12] "GET /account/billing/payment HTTP/1.1" 200 17431
[18/Jan/2018 21:36:02] "GET / HTTP/1.1" 200 28749
[18/Jan/2018 22:03:00] code 400, message Bad HTTP/0.9 request type ('\x03\x00\x00*%\xe0\x00\x00\x00\x00\x00Cookie:')
Traceback (most recent call last):
  File "/usr/lib/python2.7/logging/__init__.py", line 861, in emit
    msg = self.format(record)
  File "/usr/lib/python2.7/logging/__init__.py", line 734, in format
    return fmt.format(record)
  File "/usr/local/lib/python2.7/dist-packages/django/utils/log.py", line 192, in format
    return super(ServerFormatter, self).format(record)
  File "/usr/lib/python2.7/logging/__init__.py", line 476, in format
    raise e
UnicodeDecodeError: 'ascii' codec can't decode byte 0xe0 in position 6: ordinal not in range(128)
Logged from file basehttp.py, line 124
[18/Jan/2018 22:03:00] code 400, message Bad HTTP/0.9 request type ('\x03\x00\x00*%\xe0\x00\x00\x00\x00\x00Cookie:')
Traceback (most recent call last):
  File "/usr/lib/python2.7/logging/__init__.py", line 861, in emit
    msg = self.format(record)
  File "/usr/lib/python2.7/logging/__init__.py", line 734, in format
    return fmt.format(record)
  File "/usr/local/lib/python2.7/dist-packages/django/utils/log.py", line 192, in format
    return super(ServerFormatter, self).format(record)
  File "/usr/lib/python2.7/logging/__init__.py", line 476, in format
    raise e
UnicodeDecodeError: 'ascii' codec can't decode byte 0xe0 in position 6: ordinal not in range(128)
Logged from file basehttp.py, line 124
[19/Jan/2018 01:10:15] code 400, message Bad HTTP/0.9 request type ('\x03\x00\x00*%\xe0\x00\x00\x00\x00\x00Cookie:')
Traceback (most recent call last):
  File "/usr/lib/python2.7/logging/__init__.py", line 861, in emit
    msg = self.format(record)
  File "/usr/lib/python2.7/logging/__init__.py", line 734, in format
    return fmt.format(record)
  File "/usr/local/lib/python2.7/dist-packages/django/utils/log.py", line 192, in format
    return super(ServerFormatter, self).format(record)
  File "/usr/lib/python2.7/logging/__init__.py", line 476, in format
    raise e
UnicodeDecodeError: 'ascii' codec can't decode byte 0xe0 in position 6: ordinal not in range(128)
Logged from file basehttp.py, line 124
[19/Jan/2018 01:10:15] code 400, message Bad HTTP/0.9 request type ('\x03\x00\x00*%\xe0\x00\x00\x00\x00\x00Cookie:')
Traceback (most recent call last):
  File "/usr/lib/python2.7/logging/__init__.py", line 861, in emit
    msg = self.format(record)
  File "/usr/lib/python2.7/logging/__init__.py", line 734, in format
    return fmt.format(record)
  File "/usr/local/lib/python2.7/dist-packages/django/utils/log.py", line 192, in format
    return super(ServerFormatter, self).format(record)
  File "/usr/lib/python2.7/logging/__init__.py", line 476, in format
    raise e
UnicodeDecodeError: 'ascii' codec can't decode byte 0xe0 in position 6: ordinal not in range(128)
Logged from file basehttp.py, line 124
[19/Jan/2018 10:37:56] "GET / HTTP/1.1" 200 28749
[19/Jan/2018 11:17:25] "GET / HTTP/1.1" 200 28749
[19/Jan/2018 11:17:28] "GET /static/images/favicon.ico HTTP/1.1" 200 1150
[19/Jan/2018 15:44:34] code 400, message Bad HTTP/0.9 request type ('\x03\x00\x00+&\xe0\x00\x00\x00\x00\x00Cookie:')
Traceback (most recent call last):
  File "/usr/lib/python2.7/logging/__init__.py", line 861, in emit
    msg = self.format(record)
  File "/usr/lib/python2.7/logging/__init__.py", line 734, in format
    return fmt.format(record)
  File "/usr/local/lib/python2.7/dist-packages/django/utils/log.py", line 192, in format
    return super(ServerFormatter, self).format(record)
  File "/usr/lib/python2.7/logging/__init__.py", line 476, in format
    raise e
UnicodeDecodeError: 'ascii' codec can't decode byte 0xe0 in position 6: ordinal not in range(128)
Logged from file basehttp.py, line 124
[19/Jan/2018 16:28:43] code 400, message Bad HTTP/0.9 request type ('\x03\x00\x00+&\xe0\x00\x00\x00\x00\x00Cookie:')
Traceback (most recent call last):
  File "/usr/lib/python2.7/logging/__init__.py", line 861, in emit
    msg = self.format(record)
  File "/usr/lib/python2.7/logging/__init__.py", line 734, in format
    return fmt.format(record)
  File "/usr/local/lib/python2.7/dist-packages/django/utils/log.py", line 192, in format
    return super(ServerFormatter, self).format(record)
  File "/usr/lib/python2.7/logging/__init__.py", line 476, in format
    raise e
UnicodeDecodeError: 'ascii' codec can't decode byte 0xe0 in position 6: ordinal not in range(128)
Logged from file basehttp.py, line 124
[19/Jan/2018 16:40:36] code 400, message Bad HTTP/0.9 request type ('\x03\x00\x00+&\xe0\x00\x00\x00\x00\x00Cookie:')
Traceback (most recent call last):
  File "/usr/lib/python2.7/logging/__init__.py", line 861, in emit
    msg = self.format(record)
  File "/usr/lib/python2.7/logging/__init__.py", line 734, in format
    return fmt.format(record)
  File "/usr/local/lib/python2.7/dist-packages/django/utils/log.py", line 192, in format
    return super(ServerFormatter, self).format(record)
  File "/usr/lib/python2.7/logging/__init__.py", line 476, in format
    raise e
UnicodeDecodeError: 'ascii' codec can't decode byte 0xe0 in position 6: ordinal not in range(128)
Logged from file basehttp.py, line 124
[19/Jan/2018 17:30:42] code 400, message Bad HTTP/0.9 request type ('\x03\x00\x00+&\xe0\x00\x00\x00\x00\x00Cookie:')
Traceback (most recent call last):
  File "/usr/lib/python2.7/logging/__init__.py", line 861, in emit
    msg = self.format(record)
  File "/usr/lib/python2.7/logging/__init__.py", line 734, in format
    return fmt.format(record)
  File "/usr/local/lib/python2.7/dist-packages/django/utils/log.py", line 192, in format
    return super(ServerFormatter, self).format(record)
  File "/usr/lib/python2.7/logging/__init__.py", line 476, in format
    raise e
UnicodeDecodeError: 'ascii' codec can't decode byte 0xe0 in position 6: ordinal not in range(128)
Logged from file basehttp.py, line 124
Not Found: /status
[19/Jan/2018 23:47:33] "GET /status?full=true HTTP/1.1" 404 3884
Not Found: /script
[19/Jan/2018 23:47:34] "GET /script HTTP/1.1" 404 3874
Not Found: /jenkins/script
[19/Jan/2018 23:47:34] "GET /jenkins/script HTTP/1.1" 404 3898
Not Found: /jenkins/console
[19/Jan/2018 23:47:34] "GET /jenkins/console HTTP/1.1" 404 3901
[19/Jan/2018 23:47:34] "GET / HTTP/1.1" 200 28749
Not Found: /sqlite/main.php
[19/Jan/2018 23:47:35] "GET /sqlite/main.php HTTP/1.1" 404 3901
Not Found: /SQLite/SQLiteManager-1.2.4/main.php
[19/Jan/2018 23:47:35] "GET /SQLite/SQLiteManager-1.2.4/main.php HTTP/1.1" 404 3961
Not Found: /SQLiteManager-1.2.4/main.php
[19/Jan/2018 23:47:35] "GET /SQLiteManager-1.2.4/main.php HTTP/1.1" 404 3940
Not Found: /sqlitemanager/main.php
[19/Jan/2018 23:47:35] "GET /sqlitemanager/main.php HTTP/1.1" 404 3922
Not Found: /SQlite/main.php
[19/Jan/2018 23:47:35] "GET /SQlite/main.php HTTP/1.1" 404 3901
Not Found: /SQLiteManager/main.php
[19/Jan/2018 23:47:37] "GET /SQLiteManager/main.php HTTP/1.1" 404 3922
Not Found: /webdav
[19/Jan/2018 23:47:37] "GET /webdav HTTP/1.1" 404 3874
[20/Jan/2018 01:03:48] code 400, message Bad HTTP/0.9 request type ('\x03\x00\x00/*\xe0\x00\x00\x00\x00\x00Cookie:')
Traceback (most recent call last):
  File "/usr/lib/python2.7/logging/__init__.py", line 861, in emit
    msg = self.format(record)
  File "/usr/lib/python2.7/logging/__init__.py", line 734, in format
    return fmt.format(record)
  File "/usr/local/lib/python2.7/dist-packages/django/utils/log.py", line 192, in format
    return super(ServerFormatter, self).format(record)
  File "/usr/lib/python2.7/logging/__init__.py", line 476, in format
    raise e
UnicodeDecodeError: 'ascii' codec can't decode byte 0xe0 in position 6: ordinal not in range(128)
Logged from file basehttp.py, line 124
Not Found: /wp-login.php
[20/Jan/2018 02:46:07] "GET /wp-login.php HTTP/1.1" 404 3892
Not Found: /wordpress/wp-login.php
[20/Jan/2018 02:46:07] "GET /wordpress/wp-login.php HTTP/1.1" 404 3922
Not Found: /wp/wp-login.php
[20/Jan/2018 02:46:07] "GET /wp/wp-login.php HTTP/1.1" 404 3901
Not Found: /blog/wp-login.php
[20/Jan/2018 02:46:07] "GET /blog/wp-login.php HTTP/1.1" 404 3907
Not Found: /manager/html
[20/Jan/2018 02:46:08] "GET /manager/html HTTP/1.1" 404 3892
Not Found: /administrator/index.php
[20/Jan/2018 02:46:08] "GET /administrator/index.php HTTP/1.1" 404 3925
Not Found: /joomla/administrator/index.php
[20/Jan/2018 02:46:08] "GET /joomla/administrator/index.php HTTP/1.1" 404 3946
Not Found: /cms/administrator/index.php
[20/Jan/2018 02:46:08] "GET /cms/administrator/index.php HTTP/1.1" 404 3937
Not Found: /Joomla/administrator/index.php
[20/Jan/2018 02:46:08] "GET /Joomla/administrator/index.php HTTP/1.1" 404 3946
Not Found: /status
[20/Jan/2018 07:16:09] "GET /status HTTP/1.1" 404 3874
Not Found: /stat
[20/Jan/2018 07:16:09] "GET /stat HTTP/1.1" 404 3868
Not Found: /phpmyadmin/import.php
[20/Jan/2018 08:11:06] "GET /phpmyadmin/import.php HTTP/1.1" 404 3919
Not Found: /phpMyAdmin/import.php
[20/Jan/2018 08:11:07] "GET /phpMyAdmin/import.php HTTP/1.1" 404 3919
Not Found: /pma/import.php
[20/Jan/2018 08:11:07] "GET /pma/import.php HTTP/1.1" 404 3898
Not Found: /mysql/import.php
[20/Jan/2018 08:11:07] "GET /mysql/import.php HTTP/1.1" 404 3904
Not Found: /sqlmanager/import.php
[20/Jan/2018 08:11:07] "GET /sqlmanager/import.php HTTP/1.1" 404 3919
Not Found: /msd/main.php
[20/Jan/2018 08:11:07] "GET /msd/main.php HTTP/1.1" 404 3892
Not Found: /msd1.24.4/main.php
[20/Jan/2018 08:11:07] "GET /msd1.24.4/main.php HTTP/1.1" 404 3910
Not Found: /mysqldumper/main.php
[20/Jan/2018 08:11:08] "GET /mysqldumper/main.php HTTP/1.1" 404 3916
Not Found: /mysql/main.php
[20/Jan/2018 08:11:08] "GET /mysql/main.php HTTP/1.1" 404 3898
Not Found: /dumper/main.php
[20/Jan/2018 08:11:08] "GET /dumper/main.php HTTP/1.1" 404 3901
Not Found: /status
[20/Jan/2018 11:30:53] "GET /status?full=true HTTP/1.1" 404 3884
Not Found: /script
[20/Jan/2018 11:30:53] "GET /script HTTP/1.1" 404 3874
Not Found: /jenkins/script
[20/Jan/2018 11:30:53] "GET /jenkins/script HTTP/1.1" 404 3898
Not Found: /jenkins/console
[20/Jan/2018 11:30:54] "GET /jenkins/console HTTP/1.1" 404 3901
[20/Jan/2018 11:30:54] "GET / HTTP/1.1" 200 28749
Not Found: /sqlite/main.php
[20/Jan/2018 11:30:54] "GET /sqlite/main.php HTTP/1.1" 404 3901
Not Found: /SQLite/SQLiteManager-1.2.4/main.php
[20/Jan/2018 11:30:55] "GET /SQLite/SQLiteManager-1.2.4/main.php HTTP/1.1" 404 3961
Not Found: /SQLiteManager-1.2.4/main.php
[20/Jan/2018 11:30:55] "GET /SQLiteManager-1.2.4/main.php HTTP/1.1" 404 3940
Not Found: /sqlitemanager/main.php
[20/Jan/2018 11:30:55] "GET /sqlitemanager/main.php HTTP/1.1" 404 3922
Not Found: /SQlite/main.php
[20/Jan/2018 11:30:56] "GET /SQlite/main.php HTTP/1.1" 404 3901
Not Found: /SQLiteManager/main.php
[20/Jan/2018 11:30:56] "GET /SQLiteManager/main.php HTTP/1.1" 404 3922
Not Found: /webdav
[20/Jan/2018 11:30:56] "GET /webdav HTTP/1.1" 404 3874
[20/Jan/2018 14:20:33] "GET / HTTP/1.1" 200 28749
[20/Jan/2018 14:20:37] "GET /static/images/favicon.ico HTTP/1.1" 200 1150
[20/Jan/2018 15:24:24] code 400, message Bad HTTP/0.9 request type ('\x03\x00\x00/*\xe0\x00\x00\x00\x00\x00Cookie:')
Traceback (most recent call last):
  File "/usr/lib/python2.7/logging/__init__.py", line 861, in emit
    msg = self.format(record)
  File "/usr/lib/python2.7/logging/__init__.py", line 734, in format
    return fmt.format(record)
  File "/usr/local/lib/python2.7/dist-packages/django/utils/log.py", line 192, in format
    return super(ServerFormatter, self).format(record)
  File "/usr/lib/python2.7/logging/__init__.py", line 476, in format
    raise e
UnicodeDecodeError: 'ascii' codec can't decode byte 0xe0 in position 6: ordinal not in range(128)
Logged from file basehttp.py, line 124
[21/Jan/2018 01:16:57] code 400, message Bad request syntax ('\x00\x00\x00TZ\x00\x00\x00\x00\x00\x00\x00\x00\x01\x00\x00\x04\x010I\x00\x00\x00\x00\x80\x0b\xa8\xc0\x00\x0c)t F\x07\x00tsXrcsXYs9\x00\x00\x00\x00\x00\x00\x00\x00\x00\x00\x00\x00\x00\x00\x00\x00\x00\x00\x00\x00\x00\x00bbXcsXctst\x00\x00\x00\x00\x00\x00')
Traceback (most recent call last):
  File "/usr/lib/python2.7/logging/__init__.py", line 861, in emit
    msg = self.format(record)
  File "/usr/lib/python2.7/logging/__init__.py", line 734, in format
    return fmt.format(record)
  File "/usr/local/lib/python2.7/dist-packages/django/utils/log.py", line 192, in format
    return super(ServerFormatter, self).format(record)
  File "/usr/lib/python2.7/logging/__init__.py", line 476, in format
    raise e
UnicodeDecodeError: 'ascii' codec can't decode byte 0x80 in position 25: ordinal not in range(128)
Logged from file basehttp.py, line 124
[21/Jan/2018 07:08:28] "GET / HTTP/1.1" 200 28749
[21/Jan/2018 18:21:46] code 400, message Bad HTTP/0.9 request type ('\x00\x00\x00')
[21/Jan/2018 18:21:46] "    c                           " 400 -
